[debug] [2025-03-21T03:25:14.867Z] ----------------------------------------------------------------------
[debug] [2025-03-21T03:25:14.869Z] Command:       C:\Program Files\nodejs\node.exe C:\Users\kong1\AppData\Roaming\npm\node_modules\firebase-tools\lib\bin\firebase.js init
[debug] [2025-03-21T03:25:14.869Z] CLI Version:   13.34.0
[debug] [2025-03-21T03:25:14.869Z] Platform:      win32
[debug] [2025-03-21T03:25:14.870Z] Node Version:  v22.14.0
[debug] [2025-03-21T03:25:14.870Z] Time:          Fri Mar 21 2025 10:25:14 GMT+0700 (Indochina Time)
[debug] [2025-03-21T03:25:14.870Z] ----------------------------------------------------------------------
[debug] 
[debug] [2025-03-21T03:25:14.875Z] > command requires scopes: ["email","openid","https://www.googleapis.com/auth/cloudplatformprojects.readonly","https://www.googleapis.com/auth/firebase","https://www.googleapis.com/auth/cloud-platform"]
[debug] [2025-03-21T03:25:14.875Z] > authorizing via signed-in user (kong12stl@gmail.com)
[info] 
     ######## #### ########  ######## ########     ###     ######  ########
     ##        ##  ##     ## ##       ##     ##  ##   ##  ##       ##
     ######    ##  ########  ######   ########  #########  ######  ######
     ##        ##  ##    ##  ##       ##     ## ##     ##       ## ##
     ##       #### ##     ## ######## ########  ##     ##  ######  ########

You're about to initialize a Firebase project in this directory:

  C:\Users\kong1\Desktop\policytracker

[info] 
=== Project Setup
[info] 
[info] First, let's associate this project directory with a Firebase project.
[info] You can create multiple project aliases by running firebase use --add, 
[info] but for now we'll just set up a default project.
[info] 
[debug] [2025-03-21T03:26:15.047Z] Checked if tokens are valid: false, expires at: 1742469208058
[debug] [2025-03-21T03:26:15.047Z] Checked if tokens are valid: false, expires at: 1742469208058
[debug] [2025-03-21T03:26:15.048Z] > refreshing access token with scopes: []
[debug] [2025-03-21T03:26:15.049Z] >>> [apiv2][query] POST https://www.googleapis.com/oauth2/v3/token [none]
[debug] [2025-03-21T03:26:15.049Z] >>> [apiv2][body] POST https://www.googleapis.com/oauth2/v3/token [omitted]
[debug] [2025-03-21T03:26:15.229Z] <<< [apiv2][status] POST https://www.googleapis.com/oauth2/v3/token 200
[debug] [2025-03-21T03:26:15.229Z] <<< [apiv2][body] POST https://www.googleapis.com/oauth2/v3/token [omitted]
[debug] [2025-03-21T03:26:15.236Z] >>> [apiv2][query] GET https://firebase.googleapis.com/v1beta1/projects pageSize=100
[debug] [2025-03-21T03:26:16.662Z] <<< [apiv2][status] GET https://firebase.googleapis.com/v1beta1/projects 200
[debug] [2025-03-21T03:26:16.662Z] <<< [apiv2][body] GET https://firebase.googleapis.com/v1beta1/projects [omitted]
[info] i  Using project policy-tracker-kp (Policy-Tracker) 
[info] 
=== Firestore Setup
[debug] [2025-03-21T03:26:26.466Z] Checked if tokens are valid: true, expires at: 1742531174229
[debug] [2025-03-21T03:26:26.466Z] Checked if tokens are valid: true, expires at: 1742531174229
[debug] [2025-03-21T03:26:26.467Z] >>> [apiv2][query] GET https://serviceusage.googleapis.com/v1/projects/policy-tracker-kp/services/firestore.googleapis.com [none]
[debug] [2025-03-21T03:26:26.467Z] >>> [apiv2][(partial)header] GET https://serviceusage.googleapis.com/v1/projects/policy-tracker-kp/services/firestore.googleapis.com x-goog-quota-user=projects/policy-tracker-kp
[debug] [2025-03-21T03:26:28.067Z] <<< [apiv2][status] GET https://serviceusage.googleapis.com/v1/projects/policy-tracker-kp/services/firestore.googleapis.com 200
[debug] [2025-03-21T03:26:28.067Z] <<< [apiv2][body] GET https://serviceusage.googleapis.com/v1/projects/policy-tracker-kp/services/firestore.googleapis.com [omitted]
[debug] [2025-03-21T03:26:28.067Z] Checked if tokens are valid: true, expires at: 1742531174229
[debug] [2025-03-21T03:26:28.067Z] Checked if tokens are valid: true, expires at: 1742531174229
[debug] [2025-03-21T03:26:28.067Z] >>> [apiv2][query] GET https://firestore.googleapis.com/v1/projects/policy-tracker-kp/databases/(default) [none]
[debug] [2025-03-21T03:26:28.811Z] <<< [apiv2][status] GET https://firestore.googleapis.com/v1/projects/policy-tracker-kp/databases/(default) 200
[debug] [2025-03-21T03:26:28.811Z] <<< [apiv2][body] GET https://firestore.googleapis.com/v1/projects/policy-tracker-kp/databases/(default) {"name":"projects/policy-tracker-kp/databases/(default)","uid":"2f82f517-c1a7-431a-a873-b2f24443afe5","createTime":"2025-03-10T18:35:50.244570Z","updateTime":"2025-03-10T18:35:50.244570Z","locationId":"asia-east2","type":"FIRESTORE_NATIVE","concurrencyMode":"PESSIMISTIC","versionRetentionPeriod":"3600s","earliestVersionTime":"2025-03-21T02:26:30.900623Z","appEngineIntegrationMode":"DISABLED","keyPrefix":"n","pointInTimeRecoveryEnablement":"POINT_IN_TIME_RECOVERY_DISABLED","deleteProtectionState":"DELETE_PROTECTION_DISABLED","databaseEdition":"STANDARD","freeTier":true,"etag":"ILW+xJCdmowDMPOhhsncgowD"}
[debug] [2025-03-21T03:26:28.811Z] database_type: FIRESTORE_NATIVE
[debug] [2025-03-21T03:26:28.811Z] database_type: FIRESTORE_NATIVE
[debug] [2025-03-21T03:26:28.811Z] > command requires scopes: ["email","openid","https://www.googleapis.com/auth/cloudplatformprojects.readonly","https://www.googleapis.com/auth/firebase","https://www.googleapis.com/auth/cloud-platform"]
[debug] [2025-03-21T03:26:28.811Z] > authorizing via signed-in user (kong12stl@gmail.com)
[debug] [2025-03-21T03:26:28.811Z] [iam] checking project policy-tracker-kp for permissions ["firebase.projects.get"]
[debug] [2025-03-21T03:26:28.811Z] Checked if tokens are valid: true, expires at: 1742531174229
[debug] [2025-03-21T03:26:28.811Z] Checked if tokens are valid: true, expires at: 1742531174229
[debug] [2025-03-21T03:26:28.812Z] >>> [apiv2][query] POST https://cloudresourcemanager.googleapis.com/v1/projects/policy-tracker-kp:testIamPermissions [none]
[debug] [2025-03-21T03:26:28.812Z] >>> [apiv2][(partial)header] POST https://cloudresourcemanager.googleapis.com/v1/projects/policy-tracker-kp:testIamPermissions x-goog-quota-user=projects/policy-tracker-kp
[debug] [2025-03-21T03:26:28.812Z] >>> [apiv2][body] POST https://cloudresourcemanager.googleapis.com/v1/projects/policy-tracker-kp:testIamPermissions {"permissions":["firebase.projects.get"]}
[debug] [2025-03-21T03:26:29.926Z] <<< [apiv2][status] POST https://cloudresourcemanager.googleapis.com/v1/projects/policy-tracker-kp:testIamPermissions 200
[debug] [2025-03-21T03:26:29.927Z] <<< [apiv2][body] POST https://cloudresourcemanager.googleapis.com/v1/projects/policy-tracker-kp:testIamPermissions {"permissions":["firebase.projects.get"]}
[info] 
[info] Firestore Security Rules allow you to define how and when to allow
[info] requests. You can keep these rules in your project directory
[info] and publish them with firebase deploy.
[info] 
